<?xml version="1.0" encoding="UTF-8"?>
<!-- Generated by org.testng.reporters.JUnitReportReporter -->
<testsuite hostname="MOHAMMEDALA5F0B" name="com.nopcommerce.testCases.TC_LoginTest_001" tests="1" failures="0" timestamp="4 Jan 2020 18:03:51 GMT" time="15.869" errors="0">
  <testcase name="loginTest" time="15.869" classname="com.nopcommerce.testCases.TC_LoginTest_001"/>
</testsuite> <!-- com.nopcommerce.testCases.TC_LoginTest_001 -->
