<?xml version="1.0" encoding="UTF-8"?>
<!-- Generated by org.testng.reporters.JUnitReportReporter -->
<testsuite hostname="DESKTOP-3R73L8V" failures="0" tests="1" name="com.nopcommerce.testCases.TC_AddCustomerTest_003" time="45.049" errors="0" timestamp="15 Dec 2018 07:26:51 GMT" skipped="0">
  <testcase classname="com.nopcommerce.testCases.TC_AddCustomerTest_003" name="addNewCustomer" time="45.049"/>
</testsuite> <!-- com.nopcommerce.testCases.TC_AddCustomerTest_003 -->
